2024-11-29 08:22:30,535 DEBUG    root            Loaded Command Group: ['gcloud', 'components']
2024-11-29 08:22:30,536 DEBUG    root            Loaded Command Group: ['gcloud', 'components', 'update']
2024-11-29 08:22:30,537 DEBUG    root            Running [gcloud.components.update] with arguments: []
2024-11-29 08:22:32,313 INFO     ___FILE_ONLY___ Beginning update. This process may take several minutes.

2024-11-29 08:22:32,331 DEBUG    urllib3.connectionpool Starting new HTTPS connection (1): dl.google.com:443
2024-11-29 08:22:32,500 DEBUG    urllib3.connectionpool https://dl.google.com:443 "GET /dl/cloudsdk/channels/rapid/components-2.json HTTP/1.1" 200 227816
2024-11-29 08:22:32,547 INFO     ___FILE_ONLY___ 

2024-11-29 08:22:32,547 INFO     ___FILE_ONLY___ 
Your current Google Cloud CLI version is: 502.0.0

2024-11-29 08:22:32,548 INFO     ___FILE_ONLY___ You will be upgraded to version: 502.0.0

2024-11-29 08:22:32,548 INFO     ___FILE_ONLY___ 

2024-11-29 08:22:32,548 DEBUG    root            Chosen display Format:table[box,title="These components will be removed."](details.display_name:label=Name:align=left,version.version_string:label=Version:align=right,data.size.size(zero="",min=1048576):label=Size:align=right)
2024-11-29 08:22:32,548 DEBUG    root            Chosen display Format:table[box,title="These components will be updated."](details.display_name:label=Name:align=left,version.version_string:label=Version:align=right,data.size.size(zero="",min=1048576):label=Size:align=right)
2024-11-29 08:22:32,548 DEBUG    root            Chosen display Format:table[box,title="These components will be installed."](details.display_name:label=Name:align=left,version.version_string:label=Version:align=right,data.size.size(zero="",min=1048576):label=Size:align=right)
2024-11-29 08:22:32,558 INFO     ___FILE_ONLY___ ┌────────────────────────────────────────────────────────────────────┐
2024-11-29 08:22:32,558 INFO     ___FILE_ONLY___ 

2024-11-29 08:22:32,558 INFO     ___FILE_ONLY___ │                These components will be installed.                 │
2024-11-29 08:22:32,558 INFO     ___FILE_ONLY___ 

2024-11-29 08:22:32,558 INFO     ___FILE_ONLY___ ├─────────────────────────────────────────────┬────────────┬─────────┤
2024-11-29 08:22:32,558 INFO     ___FILE_ONLY___ 

2024-11-29 08:22:32,558 INFO     ___FILE_ONLY___ │                     Name                    │  Version   │   Size  │
2024-11-29 08:22:32,558 INFO     ___FILE_ONLY___ 

2024-11-29 08:22:32,558 INFO     ___FILE_ONLY___ ├─────────────────────────────────────────────┼────────────┼─────────┤
2024-11-29 08:22:32,558 INFO     ___FILE_ONLY___ 

2024-11-29 08:22:32,558 INFO     ___FILE_ONLY___ │ 
2024-11-29 08:22:32,558 INFO     ___FILE_ONLY___ gcloud cli dependencies (Platform Specific)
2024-11-29 08:22:32,558 INFO     ___FILE_ONLY___  
2024-11-29 08:22:32,558 INFO     ___FILE_ONLY___ │ 
2024-11-29 08:22:32,558 INFO     ___FILE_ONLY___ 2021.04.16
2024-11-29 08:22:32,558 INFO     ___FILE_ONLY___  
2024-11-29 08:22:32,558 INFO     ___FILE_ONLY___ │ 
2024-11-29 08:22:32,558 INFO     ___FILE_ONLY___ < 1 MiB
2024-11-29 08:22:32,558 INFO     ___FILE_ONLY___  
2024-11-29 08:22:32,558 INFO     ___FILE_ONLY___ │
2024-11-29 08:22:32,558 INFO     ___FILE_ONLY___ 

2024-11-29 08:22:32,558 INFO     ___FILE_ONLY___ └─────────────────────────────────────────────┴────────────┴─────────┘
2024-11-29 08:22:32,558 INFO     ___FILE_ONLY___ 

2024-11-29 08:22:32,558 INFO     ___FILE_ONLY___ 

2024-11-29 08:22:32,560 DEBUG    urllib3.connectionpool Starting new HTTPS connection (1): dl.google.com:443
2024-11-29 08:22:32,727 DEBUG    urllib3.connectionpool https://dl.google.com:443 "GET /dl/cloudsdk/channels/rapid/RELEASE_NOTES HTTP/1.1" 200 1314602
2024-11-29 08:22:32,816 INFO     ___FILE_ONLY___ For the latest full release notes, please visit:
  https://cloud.google.com/sdk/release_notes


2024-11-29 08:22:36,904 INFO     ___FILE_ONLY___ Performing in place update...


2024-11-29 08:22:36,905 INFO     ___FILE_ONLY___ ╔════════════════════════════════════════════════════════════╗

2024-11-29 08:22:36,905 INFO     ___FILE_ONLY___ ╠═ Downloading: gcloud cli dependencies (Platform Specific) ═╣

2024-11-29 08:22:36,906 INFO     ___FILE_ONLY___ ╚
2024-11-29 08:22:36,912 DEBUG    urllib3.connectionpool Starting new HTTPS connection (1): dl.google.com:443
2024-11-29 08:22:37,609 DEBUG    urllib3.connectionpool https://dl.google.com:443 "GET /dl/cloudsdk/channels/rapid/components/google-cloud-sdk-gcloud-deps-darwin-x86_64-20210416153011.tar.gz HTTP/1.1" 200 105
2024-11-29 08:22:37,610 INFO     ___FILE_ONLY___ ════════════════════════════════════════════════════════════
2024-11-29 08:22:37,610 INFO     ___FILE_ONLY___ ╝
2024-11-29 08:22:37,611 INFO     ___FILE_ONLY___ ╠════════════════════════════════════════════════════════════╣

2024-11-29 08:22:37,611 INFO     ___FILE_ONLY___ ╠═ Installing: gcloud cli dependencies (Platform Specific)  ═╣

2024-11-29 08:22:37,611 INFO     ___FILE_ONLY___ ╚
2024-11-29 08:22:37,612 INFO     ___FILE_ONLY___ ════════════════════════════════════════════════════════════
2024-11-29 08:22:37,612 INFO     ___FILE_ONLY___ ╝

2024-11-29 08:22:37,621 DEBUG    root            Updating notification cache...
2024-11-29 08:22:37,622 INFO     ___FILE_ONLY___ 

2024-11-29 08:22:37,622 INFO     ___FILE_ONLY___ Performing post processing steps...
2024-11-29 08:22:37,622 DEBUG    root            Executing command: ['/opt/homebrew/share/google-cloud-sdk/bin/gcloud', 'components', 'post-process']
2024-11-29 08:22:42,035 DEBUG    ___FILE_ONLY___ 
2024-11-29 08:22:42,035 DEBUG    ___FILE_ONLY___ 
2024-11-29 08:22:42,174 INFO     ___FILE_ONLY___ 
Update done!


2024-11-29 08:22:42,174 INFO     ___FILE_ONLY___ To revert your CLI to the previously installed version, you may run:
  $ gcloud components update --version 502.0.0


2024-11-29 08:22:42,552 DEBUG    root            Chosen display Format:none
2024-11-29 08:22:42,552 INFO     root            Display format: "none"
