2024-11-29 08:21:39,102 DEBUG    root            Loaded Command Group: ['gcloud', 'auth']
2024-11-29 08:21:39,125 DEBUG    root            Loaded Command Group: ['gcloud', 'auth', 'login']
2024-11-29 08:21:39,125 DEBUG    root            Running [gcloud.auth.login] with arguments: []
2024-11-29 08:21:39,340 DEBUG    requests_oauthlib.oauth2_session Generated new state WxxKKzPpH6q4p8X1Z6dX9RId77fSyB.
2024-11-29 08:21:39,461 INFO     ___FILE_ONLY___ Your browser has been opened to visit:

    https://accounts.google.com/o/oauth2/auth?response_type=code&client_id=32555940559.apps.googleusercontent.com&redirect_uri=http%3A%2F%2Flocalhost%3A8085%2F&scope=openid+https%3A%2F%2Fwww.googleapis.com%2Fauth%2Fuserinfo.email+https%3A%2F%2Fwww.googleapis.com%2Fauth%2Fcloud-platform+https%3A%2F%2Fwww.googleapis.com%2Fauth%2Fappengine.admin+https%3A%2F%2Fwww.googleapis.com%2Fauth%2Fsqlservice.login+https%3A%2F%2Fwww.googleapis.com%2Fauth%2Fcompute+https%3A%2F%2Fwww.googleapis.com%2Fauth%2Faccounts.reauth&state=WxxKKzPpH6q4p8X1Z6dX9RId77fSyB&access_type=offline&code_challenge=J8kDPWmmmILVGu9xUUWsS774bgIyef0w8sxEHPEJpSE&code_challenge_method=S256


2024-11-29 08:21:48,444 INFO     google_auth_oauthlib.flow "GET /?state=WxxKKzPpH6q4p8X1Z6dX9RId77fSyB&code=4/0AeanS0bci7FPyYTGZt7Ph0zn-M90wXP50DnpsfmfodQClE76ig2YL5VrUB4BC-uQD7AUtA&scope=email%20openid%20https://www.googleapis.com/auth/userinfo.email%20https://www.googleapis.com/auth/cloud-platform%20https://www.googleapis.com/auth/appengine.admin%20https://www.googleapis.com/auth/sqlservice.login%20https://www.googleapis.com/auth/compute%20https://www.googleapis.com/auth/accounts.reauth&authuser=0&hd=smartpricing.it&prompt=consent HTTP/1.1" 200 959
2024-11-29 08:21:48,445 DEBUG    requests_oauthlib.oauth2_session Requesting url https://oauth2.googleapis.com/token using method POST.
2024-11-29 08:21:48,445 DEBUG    requests_oauthlib.oauth2_session Supplying headers {b'Accept': b'application/json', b'Content-Type': b'application/x-www-form-urlencoded;charset=UTF-8', b'user-agent': b'google-cloud-sdk gcloud/502.0.0 command/gcloud.auth.login invocation-id/54f74992b9134b639fd46b5fbb72a4e6 environment/None environment-version/None client-os/MACOSX client-os-ver/24.1.0 client-pltf-arch/arm interactive/True from-script/False python/3.11.10 term/xterm-256color (Macintosh; Intel Mac OS X 24.1.0)'} and data {'grant_type': 'authorization_code', 'client_id': '32555940559.apps.googleusercontent.com', 'client_secret': 'ZmssLNjJy2998hD4CTg2ejr2', 'code': '4/0AeanS0bci7FPyYTGZt7Ph0zn-M90wXP50DnpsfmfodQClE76ig2YL5VrUB4BC-uQD7AUtA', 'redirect_uri': 'http://localhost:8085/', 'code_verifier': 'c1YgnlXk5a6VwF39R7UYCFLPGy_2D86IE~rs31~7NEIqqqZ9BGDWW31DXfGGwuHF2YNzzMKY1M-LcL7yuhUeOo3fNghgVUZfc-URABG4Q0-5RJ0M6yywaqIcqlzuxE.m'}
2024-11-29 08:21:48,445 DEBUG    requests_oauthlib.oauth2_session Passing through key word arguments {'json': None, 'timeout': None, 'auth': None, 'verify': None, 'proxies': None}.
2024-11-29 08:21:48,451 DEBUG    urllib3.connectionpool Starting new HTTPS connection (1): oauth2.googleapis.com:443
2024-11-29 08:21:48,587 DEBUG    urllib3.connectionpool https://oauth2.googleapis.com:443 "POST /token HTTP/1.1" 200 None
2024-11-29 08:21:48,588 DEBUG    requests_oauthlib.oauth2_session Prepared fetch token request body grant_type=authorization_code&client_id=32555940559.apps.googleusercontent.com&client_secret=ZmssLNjJy2998hD4CTg2ejr2&code=4%2F0AeanS0bci7FPyYTGZt7Ph0zn-M90wXP50DnpsfmfodQClE76ig2YL5VrUB4BC-uQD7AUtA&redirect_uri=http%3A%2F%2Flocalhost%3A8085%2F&code_verifier=c1YgnlXk5a6VwF39R7UYCFLPGy_2D86IE~rs31~7NEIqqqZ9BGDWW31DXfGGwuHF2YNzzMKY1M-LcL7yuhUeOo3fNghgVUZfc-URABG4Q0-5RJ0M6yywaqIcqlzuxE.m
2024-11-29 08:21:48,588 DEBUG    requests_oauthlib.oauth2_session Request to fetch token completed with status 200.
2024-11-29 08:21:48,588 DEBUG    requests_oauthlib.oauth2_session Request headers were {'user-agent': b'google-cloud-sdk gcloud/502.0.0 command/gcloud.auth.login invocation-id/54f74992b9134b639fd46b5fbb72a4e6 environment/None environment-version/None client-os/MACOSX client-os-ver/24.1.0 client-pltf-arch/arm interactive/True from-script/False python/3.11.10 term/xterm-256color (Macintosh; Intel Mac OS X 24.1.0)', 'Accept-Encoding': 'gzip, deflate', 'Accept': b'application/json', 'Connection': 'keep-alive', 'Content-Type': b'application/x-www-form-urlencoded;charset=UTF-8', 'Content-Length': '387'}
2024-11-29 08:21:48,588 DEBUG    requests_oauthlib.oauth2_session Request body was grant_type=authorization_code&client_id=32555940559.apps.googleusercontent.com&client_secret=ZmssLNjJy2998hD4CTg2ejr2&code=4%2F0AeanS0bci7FPyYTGZt7Ph0zn-M90wXP50DnpsfmfodQClE76ig2YL5VrUB4BC-uQD7AUtA&redirect_uri=http%3A%2F%2Flocalhost%3A8085%2F&code_verifier=c1YgnlXk5a6VwF39R7UYCFLPGy_2D86IE~rs31~7NEIqqqZ9BGDWW31DXfGGwuHF2YNzzMKY1M-LcL7yuhUeOo3fNghgVUZfc-URABG4Q0-5RJ0M6yywaqIcqlzuxE.m
2024-11-29 08:21:48,588 DEBUG    requests_oauthlib.oauth2_session Response headers were {'Date': 'Fri, 29 Nov 2024 07:21:48 GMT', 'Expires': 'Mon, 01 Jan 1990 00:00:00 GMT', 'Cache-Control': 'no-cache, no-store, max-age=0, must-revalidate', 'Pragma': 'no-cache', 'Content-Type': 'application/json; charset=utf-8', 'Vary': 'Origin, X-Origin, Referer', 'Content-Encoding': 'gzip', 'Server': 'scaffolding on HTTPServer2', 'X-XSS-Protection': '0', 'X-Frame-Options': 'SAMEORIGIN', 'X-Content-Type-Options': 'nosniff', 'Alt-Svc': 'h3=":443"; ma=2592000,h3-29=":443"; ma=2592000', 'Transfer-Encoding': 'chunked'} and content {
  "access_token": "ya29.a0AeDClZCn2-CPcNpxDDsIsgwfxrKKGNO3qKglxSmnFoRPxb4J6HhkCdI7EPEE4fTjRRDnLf1vCbHyp7Oaizwjx43WFhakC633LnxEU2BFpBykfIgmubtlLv5k6mh1OiJv4kuTHi9jrSaARK3PKBub9bliIC_WHJjcseMBG1px_d59ngaCgYKAXwSARASFQHGX2MiUgSDSpjrg5O2P6G5Q7BWNQ0181",
  "expires_in": 3599,
  "refresh_token": "1//09Z-Yvei_qIn8CgYIARAAGAkSNwF-L9IrvW0HyO8-HS_BOMtfHPug3qYJJVBP3CJ39A2mOBDXiDe11-gzYL7_xBph26kWw0Ejhoo",
  "scope": "https://www.googleapis.com/auth/userinfo.email https://www.googleapis.com/auth/accounts.reauth openid https://www.googleapis.com/auth/cloud-platform https://www.googleapis.com/auth/appengine.admin https://www.googleapis.com/auth/sqlservice.login https://www.googleapis.com/auth/compute",
  "token_type": "Bearer",
  "id_token": "eyJhbGciOiJSUzI1NiIsImtpZCI6IjM2MjgyNTg2MDExMTNlNjU3NmE0NTMzNzM2NWZlOGI4OTczZDE2NzEiLCJ0eXAiOiJKV1QifQ.eyJpc3MiOiJodHRwczovL2FjY291bnRzLmdvb2dsZS5jb20iLCJhenAiOiIzMjU1NTk0MDU1OS5hcHBzLmdvb2dsZXVzZXJjb250ZW50LmNvbSIsImF1ZCI6IjMyNTU1OTQwNTU5LmFwcHMuZ29vZ2xldXNlcmNvbnRlbnQuY29tIiwic3ViIjoiMTA1NTczOTAzNzEzOTE3NDAyOTg5IiwiaGQiOiJzbWFydHByaWNpbmcuaXQiLCJlbWFpbCI6ImVtYW51ZWxlLm1pY2hlbGV0dGlAc21hcnRwcmljaW5nLml0IiwiZW1haWxfdmVyaWZpZWQiOnRydWUsImF0X2hhc2giOiJMNkMtaWRkaDhvSFZ4b09rSTFyUzdRIiwiaWF0IjoxNzMyODY0OTA4LCJleHAiOjE3MzI4Njg1MDh9.A9mtH8uOpZGgjBh1wGRuxkQL_zDYKAzrzaLyqCHGNpKwi8DIqP5-weM-g73CiTMlkk7NliaPZe3cgFR-xdsMsYzi7OhV5PDltPAMqm8pQgQ7o6RaKpfXJMHEDrTV3jMhmK7gE9kcshI57YbHaBeJhwbDXGKvn1YzmWODcsxJK2JjM2mxbmBH_zxm2B4tZfAk12nC7t1biAEL498E2weFc1qAhG6I4PmaKZUAxqm0kEqLEpBVrvL2RLMFZiz5R9ZeYVOrFwk_4GZP6YbcmcCNUpRxCHTl3UVZ22yNP4hVGaKb16ELnwVevy7p7hs495USNyPbBTsYdeivZFLtI2hiOg"
}.
2024-11-29 08:21:48,588 DEBUG    requests_oauthlib.oauth2_session Invoking 0 token response hooks.
2024-11-29 08:21:48,589 DEBUG    requests_oauthlib.oauth2_session Obtained token {'access_token': 'ya29.a0AeDClZCn2-CPcNpxDDsIsgwfxrKKGNO3qKglxSmnFoRPxb4J6HhkCdI7EPEE4fTjRRDnLf1vCbHyp7Oaizwjx43WFhakC633LnxEU2BFpBykfIgmubtlLv5k6mh1OiJv4kuTHi9jrSaARK3PKBub9bliIC_WHJjcseMBG1px_d59ngaCgYKAXwSARASFQHGX2MiUgSDSpjrg5O2P6G5Q7BWNQ0181', 'expires_in': 3599, 'refresh_token': '1//09Z-Yvei_qIn8CgYIARAAGAkSNwF-L9IrvW0HyO8-HS_BOMtfHPug3qYJJVBP3CJ39A2mOBDXiDe11-gzYL7_xBph26kWw0Ejhoo', 'scope': ['https://www.googleapis.com/auth/userinfo.email', 'https://www.googleapis.com/auth/accounts.reauth', 'openid', 'https://www.googleapis.com/auth/cloud-platform', 'https://www.googleapis.com/auth/appengine.admin', 'https://www.googleapis.com/auth/sqlservice.login', 'https://www.googleapis.com/auth/compute'], 'token_type': 'Bearer', 'id_token': 'eyJhbGciOiJSUzI1NiIsImtpZCI6IjM2MjgyNTg2MDExMTNlNjU3NmE0NTMzNzM2NWZlOGI4OTczZDE2NzEiLCJ0eXAiOiJKV1QifQ.eyJpc3MiOiJodHRwczovL2FjY291bnRzLmdvb2dsZS5jb20iLCJhenAiOiIzMjU1NTk0MDU1OS5hcHBzLmdvb2dsZXVzZXJjb250ZW50LmNvbSIsImF1ZCI6IjMyNTU1OTQwNTU5LmFwcHMuZ29vZ2xldXNlcmNvbnRlbnQuY29tIiwic3ViIjoiMTA1NTczOTAzNzEzOTE3NDAyOTg5IiwiaGQiOiJzbWFydHByaWNpbmcuaXQiLCJlbWFpbCI6ImVtYW51ZWxlLm1pY2hlbGV0dGlAc21hcnRwcmljaW5nLml0IiwiZW1haWxfdmVyaWZpZWQiOnRydWUsImF0X2hhc2giOiJMNkMtaWRkaDhvSFZ4b09rSTFyUzdRIiwiaWF0IjoxNzMyODY0OTA4LCJleHAiOjE3MzI4Njg1MDh9.A9mtH8uOpZGgjBh1wGRuxkQL_zDYKAzrzaLyqCHGNpKwi8DIqP5-weM-g73CiTMlkk7NliaPZe3cgFR-xdsMsYzi7OhV5PDltPAMqm8pQgQ7o6RaKpfXJMHEDrTV3jMhmK7gE9kcshI57YbHaBeJhwbDXGKvn1YzmWODcsxJK2JjM2mxbmBH_zxm2B4tZfAk12nC7t1biAEL498E2weFc1qAhG6I4PmaKZUAxqm0kEqLEpBVrvL2RLMFZiz5R9ZeYVOrFwk_4GZP6YbcmcCNUpRxCHTl3UVZ22yNP4hVGaKb16ELnwVevy7p7hs495USNyPbBTsYdeivZFLtI2hiOg', 'expires_at': 1732868507.589035}.
2024-11-29 08:21:48,619 INFO     ___FILE_ONLY___ 
You are now logged in as [emanuele.micheletti@smartpricing.it].
Your current project is [None].  You can change this setting by running:
  $ gcloud config set project PROJECT_ID

2024-11-29 08:21:48,619 DEBUG    root            Chosen display Format:none
2024-11-29 08:21:48,619 INFO     root            Display format: "none"
2024-11-29 08:21:48,630 DEBUG    root            Checking for updates...
2024-11-29 08:21:48,633 DEBUG    urllib3.connectionpool Starting new HTTPS connection (1): dl.google.com:443
2024-11-29 08:21:49,315 DEBUG    urllib3.connectionpool https://dl.google.com:443 "GET /dl/cloudsdk/channels/rapid/components-2.json HTTP/1.1" 200 227816
2024-11-29 08:21:49,358 DEBUG    root            Updating notification cache...
